<?xml version="1.0" encoding="UTF-8"?>
<!-- Generated by org.testng.reporters.JUnitXMLReporter -->
<testsuite ignored="5" hostname="LAPTOP-DATJALVN" failures="0" tests="1" name="Test_006" time="4.439" errors="0" timestamp="2024-06-15T07:18:21 IST">
  <testcase classname="Testsauce.test" name="Checkout" time="2.146"/>
  <testcase classname="Testsauce.test" name="form" time="0.0">
    <ignored/>
  </testcase> <!-- form -->
  <testcase classname="Testsauce.test" name="login" time="0.0">
    <ignored/>
  </testcase> <!-- login -->
  <testcase classname="Testsauce.test" name="thanks" time="0.0">
    <ignored/>
  </testcase> <!-- thanks -->
  <testcase classname="Testsauce.test" name="Home" time="0.0">
    <ignored/>
  </testcase> <!-- Home -->
  <testcase classname="Testsauce.test" name="Cart" time="0.0">
    <ignored/>
  </testcase> <!-- Cart -->
</testsuite> <!-- Test_006 -->
