<?xml version="1.0" encoding="UTF-8"?>
<testng-results ignored="35" total="42" passed="7" failed="0" skipped="0">
  <reporter-output>
  </reporter-output>
  <suite started-at="2024-06-15T07:17:57 IST" name="Suite" finished-at="2024-06-15T07:18:28 IST" duration-ms="31255">
    <groups>
    </groups>
    <test started-at="2024-06-15T07:17:57 IST" name="Test_001" finished-at="2024-06-15T07:18:01 IST" duration-ms="4722">
      <class name="Testsauce.test">
        <test-method is-config="true" signature="launch()[pri:0, instance:Testsauce.test@1a18644]" started-at="2024-06-15T07:17:57 IST" name="launch" finished-at="2024-06-15T07:18:00 IST" duration-ms="3655" status="PASS">
          <reporter-output>
          </reporter-output>
        </test-method> <!-- launch -->
        <test-method signature="login()[pri:0, instance:Testsauce.test@1a18644]" started-at="2024-06-15T07:18:00 IST" name="login" finished-at="2024-06-15T07:18:01 IST" duration-ms="796" status="PASS">
          <reporter-output>
          </reporter-output>
        </test-method> <!-- login -->
        <test-method is-config="true" signature="close()[pri:0, instance:Testsauce.test@1a18644]" started-at="2024-06-15T07:18:01 IST" name="close" finished-at="2024-06-15T07:18:01 IST" duration-ms="204" status="PASS">
          <reporter-output>
          </reporter-output>
        </test-method> <!-- close -->
      </class> <!-- Testsauce.test -->
    </test> <!-- Test_001 -->
    <test started-at="2024-06-15T07:18:01 IST" name="Test_002" finished-at="2024-06-15T07:18:05 IST" duration-ms="3427">
      <class name="Testsauce.test">
        <test-method is-config="true" signature="launch()[pri:0, instance:Testsauce.test@6fdbe764]" started-at="2024-06-15T07:18:01 IST" name="launch" finished-at="2024-06-15T07:18:04 IST" duration-ms="2557" status="PASS">
          <reporter-output>
          </reporter-output>
        </test-method> <!-- launch -->
        <test-method signature="login()[pri:0, instance:Testsauce.test@6fdbe764]" started-at="2024-06-15T07:18:04 IST" name="login" finished-at="2024-06-15T07:18:05 IST" duration-ms="697" status="PASS">
          <reporter-output>
          </reporter-output>
        </test-method> <!-- login -->
        <test-method is-config="true" signature="close()[pri:0, instance:Testsauce.test@6fdbe764]" started-at="2024-06-15T07:18:05 IST" name="close" finished-at="2024-06-15T07:18:05 IST" duration-ms="168" status="PASS">
          <reporter-output>
          </reporter-output>
        </test-method> <!-- close -->
      </class> <!-- Testsauce.test -->
    </test> <!-- Test_002 -->
    <test started-at="2024-06-15T07:18:05 IST" name="Test_003" finished-at="2024-06-15T07:18:08 IST" duration-ms="3505">
      <class name="Testsauce.test">
        <test-method is-config="true" signature="launch()[pri:0, instance:Testsauce.test@3012646b]" started-at="2024-06-15T07:18:05 IST" name="launch" finished-at="2024-06-15T07:18:07 IST" duration-ms="2013" status="PASS">
          <reporter-output>
          </reporter-output>
        </test-method> <!-- launch -->
        <test-method signature="Home()[pri:0, instance:Testsauce.test@3012646b]" started-at="2024-06-15T07:18:07 IST" name="Home" finished-at="2024-06-15T07:18:08 IST" duration-ms="1364" status="PASS">
          <reporter-output>
          </reporter-output>
        </test-method> <!-- Home -->
        <test-method is-config="true" signature="close()[pri:0, instance:Testsauce.test@3012646b]" started-at="2024-06-15T07:18:08 IST" name="close" finished-at="2024-06-15T07:18:08 IST" duration-ms="124" status="PASS">
          <reporter-output>
          </reporter-output>
        </test-method> <!-- close -->
      </class> <!-- Testsauce.test -->
    </test> <!-- Test_003 -->
    <test started-at="2024-06-15T07:18:08 IST" name="Test_004" finished-at="2024-06-15T07:18:12 IST" duration-ms="3976">
      <class name="Testsauce.test">
        <test-method is-config="true" signature="launch()[pri:0, instance:Testsauce.test@537f60bf]" started-at="2024-06-15T07:18:08 IST" name="launch" finished-at="2024-06-15T07:18:11 IST" duration-ms="2273" status="PASS">
          <reporter-output>
          </reporter-output>
        </test-method> <!-- launch -->
        <test-method signature="Cart()[pri:0, instance:Testsauce.test@537f60bf]" started-at="2024-06-15T07:18:11 IST" name="Cart" finished-at="2024-06-15T07:18:12 IST" duration-ms="1491" status="PASS">
          <reporter-output>
          </reporter-output>
        </test-method> <!-- Cart -->
        <test-method is-config="true" signature="close()[pri:0, instance:Testsauce.test@537f60bf]" started-at="2024-06-15T07:18:12 IST" name="close" finished-at="2024-06-15T07:18:12 IST" duration-ms="206" status="PASS">
          <reporter-output>
          </reporter-output>
        </test-method> <!-- close -->
      </class> <!-- Testsauce.test -->
    </test> <!-- Test_004 -->
    <test started-at="2024-06-15T07:18:12 IST" name="Test_005" finished-at="2024-06-15T07:18:17 IST" duration-ms="4655">
      <class name="Testsauce.test">
        <test-method is-config="true" signature="launch()[pri:0, instance:Testsauce.test@229c6181]" started-at="2024-06-15T07:18:12 IST" name="launch" finished-at="2024-06-15T07:18:15 IST" duration-ms="2303" status="PASS">
          <reporter-output>
          </reporter-output>
        </test-method> <!-- launch -->
        <test-method signature="form()[pri:0, instance:Testsauce.test@229c6181]" started-at="2024-06-15T07:18:15 IST" name="form" finished-at="2024-06-15T07:18:17 IST" duration-ms="2213" status="PASS">
          <reporter-output>
          </reporter-output>
        </test-method> <!-- form -->
        <test-method is-config="true" signature="close()[pri:0, instance:Testsauce.test@229c6181]" started-at="2024-06-15T07:18:17 IST" name="close" finished-at="2024-06-15T07:18:17 IST" duration-ms="136" status="PASS">
          <reporter-output>
          </reporter-output>
        </test-method> <!-- close -->
      </class> <!-- Testsauce.test -->
    </test> <!-- Test_005 -->
    <test started-at="2024-06-15T07:18:17 IST" name="Test_006" finished-at="2024-06-15T07:18:21 IST" duration-ms="4439">
      <class name="Testsauce.test">
        <test-method is-config="true" signature="launch()[pri:0, instance:Testsauce.test@4b45a2f5]" started-at="2024-06-15T07:18:17 IST" name="launch" finished-at="2024-06-15T07:18:19 IST" duration-ms="2140" status="PASS">
          <reporter-output>
          </reporter-output>
        </test-method> <!-- launch -->
        <test-method signature="Checkout()[pri:0, instance:Testsauce.test@4b45a2f5]" started-at="2024-06-15T07:18:19 IST" name="Checkout" finished-at="2024-06-15T07:18:21 IST" duration-ms="2146" status="PASS">
          <reporter-output>
          </reporter-output>
        </test-method> <!-- Checkout -->
        <test-method is-config="true" signature="close()[pri:0, instance:Testsauce.test@4b45a2f5]" started-at="2024-06-15T07:18:21 IST" name="close" finished-at="2024-06-15T07:18:21 IST" duration-ms="151" status="PASS">
          <reporter-output>
          </reporter-output>
        </test-method> <!-- close -->
      </class> <!-- Testsauce.test -->
    </test> <!-- Test_006 -->
    <test started-at="2024-06-15T07:18:21 IST" name="Test_007" finished-at="2024-06-15T07:18:28 IST" duration-ms="6447">
      <class name="Testsauce.test">
        <test-method is-config="true" signature="launch()[pri:0, instance:Testsauce.test@6340e5f0]" started-at="2024-06-15T07:18:21 IST" name="launch" finished-at="2024-06-15T07:18:23 IST" duration-ms="1885" status="PASS">
          <reporter-output>
          </reporter-output>
        </test-method> <!-- launch -->
        <test-method signature="thanks()[pri:0, instance:Testsauce.test@6340e5f0]" started-at="2024-06-15T07:18:23 IST" name="thanks" finished-at="2024-06-15T07:18:28 IST" duration-ms="4423" status="PASS">
          <reporter-output>
          </reporter-output>
        </test-method> <!-- thanks -->
        <test-method is-config="true" signature="close()[pri:0, instance:Testsauce.test@6340e5f0]" started-at="2024-06-15T07:18:28 IST" name="close" finished-at="2024-06-15T07:18:28 IST" duration-ms="137" status="PASS">
          <reporter-output>
          </reporter-output>
        </test-method> <!-- close -->
      </class> <!-- Testsauce.test -->
    </test> <!-- Test_007 -->
  </suite> <!-- Suite -->
</testng-results>
